mode: set
github.com/ryanpujo/product-service/internal/service/product_service.go:22.74,24.2 1 1
github.com/ryanpujo/product-service/internal/service/product_service.go:26.125,30.2 2 1
github.com/ryanpujo/product-service/internal/service/product_service.go:32.76,34.16 2 1
github.com/ryanpujo/product-service/internal/service/product_service.go:34.16,36.3 1 1
github.com/ryanpujo/product-service/internal/service/product_service.go:37.2,38.33 2 1
github.com/ryanpujo/product-service/internal/service/product_service.go:41.109,44.2 2 1
github.com/ryanpujo/product-service/internal/service/product_service.go:46.95,49.2 2 1
github.com/ryanpujo/product-service/internal/service/product_service.go:51.102,53.16 2 1
github.com/ryanpujo/product-service/internal/service/product_service.go:53.16,55.3 1 1
github.com/ryanpujo/product-service/internal/service/product_service.go:56.2,57.33 2 1
github.com/ryanpujo/product-service/internal/controller/product_controller.go:19.73,21.2 1 1
github.com/ryanpujo/product-service/internal/controller/product_controller.go:23.130,35.16 3 1
github.com/ryanpujo/product-service/internal/controller/product_controller.go:35.16,37.3 1 1
github.com/ryanpujo/product-service/internal/controller/product_controller.go:39.2,51.21 2 1
github.com/ryanpujo/product-service/internal/controller/product_controller.go:54.111,58.2 2 1
github.com/ryanpujo/product-service/internal/controller/product_controller.go:60.114,63.16 2 1
github.com/ryanpujo/product-service/internal/controller/product_controller.go:63.16,65.3 1 1
github.com/ryanpujo/product-service/internal/controller/product_controller.go:67.2,78.27 2 1
github.com/ryanpujo/product-service/internal/controller/product_controller.go:81.113,87.16 3 1
github.com/ryanpujo/product-service/internal/controller/product_controller.go:87.16,89.3 1 1
github.com/ryanpujo/product-service/internal/controller/product_controller.go:91.2,91.28 1 1
github.com/ryanpujo/product-service/internal/controller/product_controller.go:91.28,104.3 2 0
github.com/ryanpujo/product-service/internal/controller/product_controller.go:106.2,106.23 1 1
github.com/ryanpujo/product-service/internal/controller/product_controller.go:109.121,124.2 3 1
github.com/ryanpujo/product-service/internal/repository/db.go:19.28,21.2 1 1
github.com/ryanpujo/product-service/internal/repository/db.go:27.47,31.2 1 0
github.com/ryanpujo/product-service/internal/repository/product.sql.go:38.96,61.2 4 1
github.com/ryanpujo/product-service/internal/repository/product.sql.go:67.70,70.2 2 1
github.com/ryanpujo/product-service/internal/repository/product.sql.go:90.92,107.2 4 1
github.com/ryanpujo/product-service/internal/repository/product.sql.go:127.78,129.16 2 1
github.com/ryanpujo/product-service/internal/repository/product.sql.go:129.16,131.3 1 0
github.com/ryanpujo/product-service/internal/repository/product.sql.go:132.2,134.18 3 1
github.com/ryanpujo/product-service/internal/repository/product.sql.go:134.18,148.17 2 1
github.com/ryanpujo/product-service/internal/repository/product.sql.go:148.17,150.4 1 0
github.com/ryanpujo/product-service/internal/repository/product.sql.go:151.3,151.27 1 1
github.com/ryanpujo/product-service/internal/repository/product.sql.go:153.2,153.37 1 1
github.com/ryanpujo/product-service/internal/repository/product.sql.go:153.37,155.3 1 0
github.com/ryanpujo/product-service/internal/repository/product.sql.go:156.2,156.35 1 1
github.com/ryanpujo/product-service/internal/repository/product.sql.go:156.35,158.3 1 0
github.com/ryanpujo/product-service/internal/repository/product.sql.go:159.2,159.19 1 1
github.com/ryanpujo/product-service/internal/repository/product.sql.go:177.85,189.2 2 1
