mode: set
github.com/ryanpujo/product-service/internal/service/product_service.go:22.74,24.2 1 1
github.com/ryanpujo/product-service/internal/service/product_service.go:26.125,30.2 2 1
github.com/ryanpujo/product-service/internal/service/product_service.go:32.76,34.16 2 1
github.com/ryanpujo/product-service/internal/service/product_service.go:34.16,36.3 1 1
github.com/ryanpujo/product-service/internal/service/product_service.go:37.2,38.33 2 1
github.com/ryanpujo/product-service/internal/service/product_service.go:41.109,44.2 2 0
github.com/ryanpujo/product-service/internal/service/product_service.go:46.95,49.2 2 0
github.com/ryanpujo/product-service/internal/service/product_service.go:51.102,53.16 2 0
github.com/ryanpujo/product-service/internal/service/product_service.go:53.16,55.3 1 0
github.com/ryanpujo/product-service/internal/service/product_service.go:56.2,57.33 2 0
github.com/ryanpujo/product-service/internal/repository/db.go:19.28,21.2 1 1
github.com/ryanpujo/product-service/internal/repository/db.go:27.47,31.2 1 0
github.com/ryanpujo/product-service/internal/repository/product.sql.go:37.96,60.2 4 1
github.com/ryanpujo/product-service/internal/repository/product.sql.go:66.70,69.2 2 1
github.com/ryanpujo/product-service/internal/repository/product.sql.go:88.92,104.2 4 1
github.com/ryanpujo/product-service/internal/repository/product.sql.go:123.78,125.16 2 1
github.com/ryanpujo/product-service/internal/repository/product.sql.go:125.16,127.3 1 0
github.com/ryanpujo/product-service/internal/repository/product.sql.go:128.2,130.18 3 1
github.com/ryanpujo/product-service/internal/repository/product.sql.go:130.18,143.17 2 1
github.com/ryanpujo/product-service/internal/repository/product.sql.go:143.17,145.4 1 0
github.com/ryanpujo/product-service/internal/repository/product.sql.go:146.3,146.27 1 1
github.com/ryanpujo/product-service/internal/repository/product.sql.go:148.2,148.37 1 1
github.com/ryanpujo/product-service/internal/repository/product.sql.go:148.37,150.3 1 0
github.com/ryanpujo/product-service/internal/repository/product.sql.go:151.2,151.35 1 1
github.com/ryanpujo/product-service/internal/repository/product.sql.go:151.35,153.3 1 0
github.com/ryanpujo/product-service/internal/repository/product.sql.go:154.2,154.19 1 1
github.com/ryanpujo/product-service/internal/repository/product.sql.go:172.85,184.2 2 1
